e:\ember - text editor\ember - .36b50d00\x64\debug\vc143.pdb
e:\ember - text editor\ember - .36b50d00\x64\debug\vc143.idb
e:\ember - text editor\ember - .36b50d00\x64\debug\qrc_embertexteditor.obj
e:\ember - text editor\ember - .36b50d00\x64\debug\linenumberarea.obj
e:\ember - text editor\ember - .36b50d00\x64\debug\codeeditor.obj
e:\ember - text editor\ember - .36b50d00\x64\debug\main.obj
e:\ember - text editor\ember - .36b50d00\x64\debug\embertexteditor.obj
e:\ember - text editor\ember - .36b50d00\x64\debug\moc_codeeditor.obj
e:\ember - text editor\ember - .36b50d00\x64\debug\moc_embertexteditor.obj
e:\ember - text editor\ember - .36b50d00\x64\debug\uic\ui_embertexteditor.h
e:\ember - text editor\ember - .36b50d00\x64\debug\moc\moc_codeeditor.cpp
e:\ember - text editor\ember - .36b50d00\x64\debug\moc\moc_embertexteditor.cpp
e:\ember - text editor\ember - .36b50d00\x64\debug\rcc\qrc_embertexteditor.cpp
e:\ember - text editor\x64\debug\ember - text editor.exe
e:\ember - text editor\x64\debug\ember - text editor.pdb
e:\ember - text editor\ember - .36b50d00\x64\debug\ember - text editor.ilk
e:\ember - text editor\ember - .36b50d00\x64\debug\ember - .36b50d00.tlog\cl.command.1.tlog
e:\ember - text editor\ember - .36b50d00\x64\debug\ember - .36b50d00.tlog\cl.items.tlog
e:\ember - text editor\ember - .36b50d00\x64\debug\ember - .36b50d00.tlog\cl.read.1.tlog
e:\ember - text editor\ember - .36b50d00\x64\debug\ember - .36b50d00.tlog\cl.write.1.tlog
e:\ember - text editor\ember - .36b50d00\x64\debug\ember - .36b50d00.tlog\ember - text editor.write.1u.tlog
e:\ember - text editor\ember - .36b50d00\x64\debug\ember - .36b50d00.tlog\link.command.1.tlog
e:\ember - text editor\ember - .36b50d00\x64\debug\ember - .36b50d00.tlog\link.read.1.tlog
e:\ember - text editor\ember - .36b50d00\x64\debug\ember - .36b50d00.tlog\link.secondary.1.tlog
e:\ember - text editor\ember - .36b50d00\x64\debug\ember - .36b50d00.tlog\link.write.1.tlog
e:\ember - text editor\ember - .36b50d00\x64\debug\ember - .36b50d00.tlog\rcc.read.1u.tlog
e:\ember - text editor\ember - .36b50d00\x64\debug\ember - .36b50d00.tlog\rcc.write.1u.tlog
